Determining if the pthread_create exist failed with the following output:
Change Dir: /home/ais/catkin_ws/build/CMakeFiles/CMakeTmp

Run Build Command:"/usr/bin/make" "cmTC_d7d84/fast"
/usr/bin/make -f CMakeFiles/cmTC_d7d84.dir/build.make CMakeFiles/cmTC_d7d84.dir/build
make[1]: Entering directory '/home/ais/catkin_ws/build/CMakeFiles/CMakeTmp'
Building C object CMakeFiles/cmTC_d7d84.dir/CheckSymbolExists.c.o
/usr/bin/cc    -o CMakeFiles/cmTC_d7d84.dir/CheckSymbolExists.c.o   -c /home/ais/catkin_ws/build/CMakeFiles/CMakeTmp/CheckSymbolExists.c
Linking C executable cmTC_d7d84
/usr/bin/cmake -E cmake_link_script CMakeFiles/cmTC_d7d84.dir/link.txt --verbose=1
/usr/bin/cc      -rdynamic CMakeFiles/cmTC_d7d84.dir/CheckSymbolExists.c.o  -o cmTC_d7d84 
CMakeFiles/cmTC_d7d84.dir/CheckSymbolExists.c.o: In function `main':
CheckSymbolExists.c:(.text+0x14): undefined reference to `pthread_create'
CheckSymbolExists.c:(.text+0x18): undefined reference to `pthread_create'
collect2: error: ld returned 1 exit status
CMakeFiles/cmTC_d7d84.dir/build.make:97: recipe for target 'cmTC_d7d84' failed
make[1]: *** [cmTC_d7d84] Error 1
make[1]: Leaving directory '/home/ais/catkin_ws/build/CMakeFiles/CMakeTmp'
Makefile:126: recipe for target 'cmTC_d7d84/fast' failed
make: *** [cmTC_d7d84/fast] Error 2

File /home/ais/catkin_ws/build/CMakeFiles/CMakeTmp/CheckSymbolExists.c:
/* */
#include <pthread.h>

int main(int argc, char** argv)
{
  (void)argv;
#ifndef pthread_create
  return ((int*)(&pthread_create))[argc];
#else
  (void)argc;
  return 0;
#endif
}

Determining if the function pthread_create exists in the pthreads failed with the following output:
Change Dir: /home/ais/catkin_ws/build/CMakeFiles/CMakeTmp

Run Build Command:"/usr/bin/make" "cmTC_4ed75/fast"
/usr/bin/make -f CMakeFiles/cmTC_4ed75.dir/build.make CMakeFiles/cmTC_4ed75.dir/build
make[1]: Entering directory '/home/ais/catkin_ws/build/CMakeFiles/CMakeTmp'
Building C object CMakeFiles/cmTC_4ed75.dir/CheckFunctionExists.c.o
/usr/bin/cc   -DCHECK_FUNCTION_EXISTS=pthread_create   -o CMakeFiles/cmTC_4ed75.dir/CheckFunctionExists.c.o   -c /usr/share/cmake-3.10/Modules/CheckFunctionExists.c
Linking C executable cmTC_4ed75
/usr/bin/cmake -E cmake_link_script CMakeFiles/cmTC_4ed75.dir/link.txt --verbose=1
/usr/bin/cc  -DCHECK_FUNCTION_EXISTS=pthread_create    -rdynamic CMakeFiles/cmTC_4ed75.dir/CheckFunctionExists.c.o  -o cmTC_4ed75 -lpthreads 
/usr/bin/ld: cannot find -lpthreads
collect2: error: ld returned 1 exit status
CMakeFiles/cmTC_4ed75.dir/build.make:97: recipe for target 'cmTC_4ed75' failed
make[1]: *** [cmTC_4ed75] Error 1
make[1]: Leaving directory '/home/ais/catkin_ws/build/CMakeFiles/CMakeTmp'
Makefile:126: recipe for target 'cmTC_4ed75/fast' failed
make: *** [cmTC_4ed75/fast] Error 2


